<?xml version="1.0" encoding="UTF-8"?>
<!-- Generated by org.testng.reporters.JUnitXMLReporter -->
<testsuite hostname="edwinndonga-Lenovo-V310" ignored="0" name="Coo" tests="4" failures="1" timestamp="10 Aug 2019 13:03:50 GMT" time="0.02" errors="0">
  <testcase name="testLoginB" time="0.001" classname="com.AutomationPractice.Coo">
    <skipped/>
  </testcase> <!-- testLoginB -->
  <testcase name="testLoginB" time="0.001" classname="com.AutomationPractice.Coo">
    <skipped/>
  </testcase> <!-- testLoginB -->
  <testcase name="testLoginB" time="0.002" classname="com.AutomationPractice.Coo">
    <skipped/>
  </testcase> <!-- testLoginB -->
  <testcase name="testLoginB" time="0.001" classname="com.AutomationPractice.Coo">
    <failure type="java.lang.AssertionError" message="expected [true] but found [false]">
      <![CDATA[java.lang.AssertionError: expected [true] but found [false]
at com.AutomationPractice.Coo.testLoginB(Coo.java:10)
... Removed 29 stack frames]]>
    </failure>
  </testcase> <!-- testLoginB -->
</testsuite> <!-- Coo -->
